<?xml version="1.0" encoding="UTF-8"?>
<coverage generated="1559815684680" clover="3.2.0">
  <project timestamp="1559815684681" name="All files">
    <metrics statements="21" coveredstatements="14" conditionals="10" coveredconditionals="7" methods="2" coveredmethods="2" elements="33" coveredelements="23" complexity="0" loc="21" ncloc="21" packages="8" files="9" classes="9">
      <package name="ActionSheet">
        <metrics statements="0" coveredstatements="0" conditionals="0" coveredconditionals="0" methods="0" coveredmethods="0"/>
        <file name="index.js" path="E:\works\ctrip\framework\vue_step\sim-ui\src\components\ActionSheet\index.js">
          <metrics statements="0" coveredstatements="0" conditionals="0" coveredconditionals="0" methods="0" coveredmethods="0"/>
        </file>
      </package>
      <package name="ActionSheet.src">
        <metrics statements="9" coveredstatements="4" conditionals="2" coveredconditionals="0" methods="0" coveredmethods="0"/>
        <file name="ItemList.vue" path="E:\works\ctrip\framework\vue_step\sim-ui\src\components\ActionSheet\src\ItemList.vue">
          <metrics statements="1" coveredstatements="1" conditionals="0" coveredconditionals="0" methods="0" coveredmethods="0"/>
          <line num="15" count="1" type="stmt"/>
        </file>
        <file name="main.vue" path="E:\works\ctrip\framework\vue_step\sim-ui\src\components\ActionSheet\src\main.vue">
          <metrics statements="8" coveredstatements="3" conditionals="2" coveredconditionals="0" methods="0" coveredmethods="0"/>
          <line num="26" count="1" type="stmt"/>
          <line num="27" count="1" type="stmt"/>
          <line num="41" count="1" type="stmt"/>
          <line num="53" count="0" type="cond" truecount="0" falsecount="2"/>
          <line num="54" count="0" type="stmt"/>
          <line num="56" count="0" type="stmt"/>
          <line num="62" count="0" type="stmt"/>
          <line num="65" count="0" type="stmt"/>
        </file>
      </package>
      <package name="Modal">
        <metrics statements="0" coveredstatements="0" conditionals="0" coveredconditionals="0" methods="0" coveredmethods="0"/>
        <file name="index.js" path="E:\works\ctrip\framework\vue_step\sim-ui\src\components\Modal\index.js">
          <metrics statements="0" coveredstatements="0" conditionals="0" coveredconditionals="0" methods="0" coveredmethods="0"/>
        </file>
      </package>
      <package name="Modal.src">
        <metrics statements="10" coveredstatements="8" conditionals="6" coveredconditionals="5" methods="1" coveredmethods="1"/>
        <file name="main.vue" path="E:\works\ctrip\framework\vue_step\sim-ui\src\components\Modal\src\main.vue">
          <metrics statements="10" coveredstatements="8" conditionals="6" coveredconditionals="5" methods="1" coveredmethods="1"/>
          <line num="57" count="4" type="stmt"/>
          <line num="61" count="4" type="stmt"/>
          <line num="67" count="4" type="cond" truecount="2" falsecount="0"/>
          <line num="68" count="1" type="stmt"/>
          <line num="69" count="1" type="cond" truecount="1" falsecount="1"/>
          <line num="70" count="1" type="stmt"/>
          <line num="71" count="1" type="stmt"/>
          <line num="78" count="0" type="stmt"/>
          <line num="81" count="0" type="stmt"/>
          <line num="85" count="2" type="cond" truecount="2" falsecount="0"/>
        </file>
      </package>
      <package name="RpxBlock">
        <metrics statements="0" coveredstatements="0" conditionals="0" coveredconditionals="0" methods="0" coveredmethods="0"/>
        <file name="index.js" path="E:\works\ctrip\framework\vue_step\sim-ui\src\components\RpxBlock\index.js">
          <metrics statements="0" coveredstatements="0" conditionals="0" coveredconditionals="0" methods="0" coveredmethods="0"/>
        </file>
      </package>
      <package name="RpxBlock.src">
        <metrics statements="1" coveredstatements="1" conditionals="0" coveredconditionals="0" methods="1" coveredmethods="1"/>
        <file name="main.js" path="E:\works\ctrip\framework\vue_step\sim-ui\src\components\RpxBlock\src\main.js">
          <metrics statements="1" coveredstatements="1" conditionals="0" coveredconditionals="0" methods="1" coveredmethods="1"/>
          <line num="16" count="5" type="stmt"/>
        </file>
      </package>
      <package name="Switch">
        <metrics statements="0" coveredstatements="0" conditionals="0" coveredconditionals="0" methods="0" coveredmethods="0"/>
        <file name="index.js" path="E:\works\ctrip\framework\vue_step\sim-ui\src\components\Switch\index.js">
          <metrics statements="0" coveredstatements="0" conditionals="0" coveredconditionals="0" methods="0" coveredmethods="0"/>
        </file>
      </package>
      <package name="Switch.src">
        <metrics statements="1" coveredstatements="1" conditionals="2" coveredconditionals="2" methods="0" coveredmethods="0"/>
        <file name="main.vue" path="E:\works\ctrip\framework\vue_step\sim-ui\src\components\Switch\src\main.vue">
          <metrics statements="1" coveredstatements="1" conditionals="2" coveredconditionals="2" methods="0" coveredmethods="0"/>
          <line num="24" count="2" type="cond" truecount="2" falsecount="0"/>
        </file>
      </package>
    </metrics>
  </project>
</coverage>
