{"E:\\works\\ctrip\\framework\\vue_step\\sim-ui\\src\\components\\ActionSheet\\index.js": {"path":"E:\\works\\ctrip\\framework\\vue_step\\sim-ui\\src\\components\\ActionSheet\\index.js","statementMap":{"0":{"start":{"line":1,"column":0},"end":{"line":null,"column":-1}}},"fnMap":{},"branchMap":{},"s":{"0":0},"f":{},"b":{}}
,"E:\\works\\ctrip\\framework\\vue_step\\sim-ui\\src\\components\\ActionSheet\\src\\ItemList.vue": {"path":"E:\\works\\ctrip\\framework\\vue_step\\sim-ui\\src\\components\\ActionSheet\\src\\ItemList.vue","statementMap":{"0":{"start":{"line":15,"column":0},"end":{"line":null,"column":-1}}},"fnMap":{},"branchMap":{},"s":{"0":0},"f":{},"b":{}}
,"E:\\works\\ctrip\\framework\\vue_step\\sim-ui\\src\\components\\ActionSheet\\src\\main.vue": {"path":"E:\\works\\ctrip\\framework\\vue_step\\sim-ui\\src\\components\\ActionSheet\\src\\main.vue","statementMap":{"0":{"start":{"line":26,"column":0},"end":{"line":null,"column":-1}},"1":{"start":{"line":27,"column":0},"end":{"line":null,"column":-1}},"2":{"start":{"line":41,"column":0},"end":{"line":null,"column":-1}},"3":{"start":{"line":53,"column":0},"end":{"line":57,"column":0}},"4":{"start":{"line":54,"column":0},"end":{"line":null,"column":-1}},"5":{"start":{"line":56,"column":0},"end":{"line":null,"column":-1}},"6":{"start":{"line":62,"column":0},"end":{"line":null,"column":-1}},"7":{"start":{"line":65,"column":0},"end":{"line":null,"column":-1}}},"fnMap":{},"branchMap":{"0":{"loc":{"start":{"line":53,"column":0},"end":{"line":57,"column":0}},"type":"if","locations":[{"start":{"line":53,"column":0},"end":{"line":57,"column":0}},{"start":{"line":53,"column":0},"end":{"line":57,"column":0}}]}},"s":{"0":0,"1":0,"2":0,"3":0,"4":0,"5":0,"6":0,"7":0},"f":{},"b":{"0":[0,0]}}
,"E:\\works\\ctrip\\framework\\vue_step\\sim-ui\\src\\components\\Modal\\index.js": {"path":"E:\\works\\ctrip\\framework\\vue_step\\sim-ui\\src\\components\\Modal\\index.js","statementMap":{"0":{"start":{"line":1,"column":0},"end":{"line":null,"column":-1}}},"fnMap":{},"branchMap":{},"s":{"0":0},"f":{},"b":{}}
,"E:\\works\\ctrip\\framework\\vue_step\\sim-ui\\src\\components\\Modal\\src\\main.vue": {"path":"E:\\works\\ctrip\\framework\\vue_step\\sim-ui\\src\\components\\Modal\\src\\main.vue","statementMap":{"0":{"start":{"line":57,"column":0},"end":{"line":null,"column":-1}},"1":{"start":{"line":61,"column":0},"end":{"line":null,"column":-1}},"2":{"start":{"line":67,"column":0},"end":{"line":74,"column":0}},"3":{"start":{"line":68,"column":0},"end":{"line":73,"column":0}},"4":{"start":{"line":69,"column":0},"end":{"line":72,"column":0}},"5":{"start":{"line":70,"column":0},"end":{"line":null,"column":-1}},"6":{"start":{"line":71,"column":0},"end":{"line":null,"column":-1}},"7":{"start":{"line":78,"column":0},"end":{"line":null,"column":-1}},"8":{"start":{"line":81,"column":0},"end":{"line":null,"column":-1}},"9":{"start":{"line":85,"column":0},"end":{"line":null,"column":-1}}},"fnMap":{"0":{"name":"(anonymous_1)","decl":{"start":{"line":68,"column":0},"end":{"line":null,"column":-1}},"loc":{"start":{"line":68,"column":0},"end":{"line":73,"column":0}}}},"branchMap":{"0":{"loc":{"start":{"line":67,"column":0},"end":{"line":74,"column":0}},"type":"if","locations":[{"start":{"line":67,"column":0},"end":{"line":74,"column":0}},{"start":{"line":67,"column":0},"end":{"line":74,"column":0}}]},"1":{"loc":{"start":{"line":69,"column":0},"end":{"line":72,"column":0}},"type":"if","locations":[{"start":{"line":69,"column":0},"end":{"line":72,"column":0}},{"start":{"line":69,"column":0},"end":{"line":72,"column":0}}]},"2":{"loc":{"start":{"line":85,"column":0},"end":{"line":null,"column":-1}},"type":"binary-expr","locations":[{"start":{"line":85,"column":0},"end":{"line":null,"column":-1}},{"start":{"line":85,"column":0},"end":{"line":null,"column":-1}}]}},"s":{"0":0,"1":0,"2":0,"3":0,"4":0,"5":0,"6":0,"7":0,"8":0,"9":0},"f":{"0":0},"b":{"0":[0,0],"1":[0,0],"2":[0,0]}}
,"E:\\works\\ctrip\\framework\\vue_step\\sim-ui\\src\\components\\RpxBlock\\index.js": {"path":"E:\\works\\ctrip\\framework\\vue_step\\sim-ui\\src\\components\\RpxBlock\\index.js","statementMap":{"0":{"start":{"line":1,"column":0},"end":{"line":null,"column":-1}},"1":{"start":{"line":2,"column":0},"end":{"line":null,"column":-1}}},"fnMap":{},"branchMap":{},"s":{"0":0,"1":0},"f":{},"b":{}}
,"E:\\works\\ctrip\\framework\\vue_step\\sim-ui\\src\\components\\RpxBlock\\src\\main.js": {"path":"E:\\works\\ctrip\\framework\\vue_step\\sim-ui\\src\\components\\RpxBlock\\src\\main.js","statementMap":{"0":{"start":{"line":16,"column":4},"end":{"line":null,"column":-1}}},"fnMap":{"0":{"name":"(anonymous_0)","decl":{"start":{"line":14,"column":10},"end":{"line":14,"column":18}},"loc":{"start":{"line":14,"column":34},"end":{"line":23,"column":3}}}},"branchMap":{},"s":{"0":0},"f":{"0":0},"b":{}}
,"E:\\works\\ctrip\\framework\\vue_step\\sim-ui\\src\\components\\Switch\\index.js": {"path":"E:\\works\\ctrip\\framework\\vue_step\\sim-ui\\src\\components\\Switch\\index.js","statementMap":{},"fnMap":{},"branchMap":{},"s":{},"f":{},"b":{},"_coverageSchema":"332fd63041d2c1bcb487cc26dd0d5f7d97098a6c","hash":"aca46693cf56b4e448706a6df56ec4698c9e8c9a"}
,"E:\\works\\ctrip\\framework\\vue_step\\sim-ui\\src\\components\\Switch\\src\\main.vue": {"path":"E:\\works\\ctrip\\framework\\vue_step\\sim-ui\\src\\components\\Switch\\src\\main.vue","statementMap":{"0":{"start":{"line":24,"column":0},"end":{"line":null,"column":-1}}},"fnMap":{},"branchMap":{"0":{"loc":{"start":{"line":24,"column":0},"end":{"line":null,"column":-1}},"type":"binary-expr","locations":[{"start":{"line":24,"column":0},"end":{"line":null,"column":-1}},{"start":{"line":24,"column":0},"end":{"line":null,"column":-1}}]}},"s":{"0":2},"f":{},"b":{"0":[2,1]}}
}
