{"E:\\works\\ctrip\\framework\\vue_step\\sim-ui\\src\\components\\ActionSheet\\index.js": {"path":"E:\\works\\ctrip\\framework\\vue_step\\sim-ui\\src\\components\\ActionSheet\\index.js","statementMap":{},"fnMap":{},"branchMap":{},"s":{},"f":{},"b":{},"_coverageSchema":"332fd63041d2c1bcb487cc26dd0d5f7d97098a6c","hash":"9f173592de5fc6e1e42f5cd6760747d2045036b1"}
,"E:\\works\\ctrip\\framework\\vue_step\\sim-ui\\src\\components\\ActionSheet\\src\\ItemList.vue": {"path":"E:\\works\\ctrip\\framework\\vue_step\\sim-ui\\src\\components\\ActionSheet\\src\\ItemList.vue","statementMap":{"0":{"start":{"line":15,"column":0},"end":{"line":null,"column":-1}}},"fnMap":{},"branchMap":{},"s":{"0":1},"f":{},"b":{}}
,"E:\\works\\ctrip\\framework\\vue_step\\sim-ui\\src\\components\\ActionSheet\\src\\main.vue": {"path":"E:\\works\\ctrip\\framework\\vue_step\\sim-ui\\src\\components\\ActionSheet\\src\\main.vue","statementMap":{"0":{"start":{"line":26,"column":0},"end":{"line":null,"column":-1}},"1":{"start":{"line":27,"column":0},"end":{"line":null,"column":-1}},"2":{"start":{"line":41,"column":0},"end":{"line":null,"column":-1}},"3":{"start":{"line":53,"column":0},"end":{"line":57,"column":0}},"4":{"start":{"line":54,"column":0},"end":{"line":null,"column":-1}},"5":{"start":{"line":56,"column":0},"end":{"line":null,"column":-1}},"6":{"start":{"line":62,"column":0},"end":{"line":null,"column":-1}},"7":{"start":{"line":65,"column":0},"end":{"line":null,"column":-1}}},"fnMap":{},"branchMap":{"0":{"loc":{"start":{"line":53,"column":0},"end":{"line":57,"column":0}},"type":"if","locations":[{"start":{"line":53,"column":0},"end":{"line":57,"column":0}},{"start":{"line":53,"column":0},"end":{"line":57,"column":0}}]}},"s":{"0":1,"1":1,"2":1,"3":0,"4":0,"5":0,"6":0,"7":0},"f":{},"b":{"0":[0,0]}}
,"E:\\works\\ctrip\\framework\\vue_step\\sim-ui\\src\\components\\Modal\\index.js": {"path":"E:\\works\\ctrip\\framework\\vue_step\\sim-ui\\src\\components\\Modal\\index.js","statementMap":{},"fnMap":{},"branchMap":{},"s":{},"f":{},"b":{},"_coverageSchema":"332fd63041d2c1bcb487cc26dd0d5f7d97098a6c","hash":"4ef8ba5c01f1b958c67b5f025d74eeeae32d7872"}
,"E:\\works\\ctrip\\framework\\vue_step\\sim-ui\\src\\components\\Modal\\src\\main.vue": {"path":"E:\\works\\ctrip\\framework\\vue_step\\sim-ui\\src\\components\\Modal\\src\\main.vue","statementMap":{"0":{"start":{"line":57,"column":0},"end":{"line":null,"column":-1}},"1":{"start":{"line":61,"column":0},"end":{"line":null,"column":-1}},"2":{"start":{"line":67,"column":0},"end":{"line":74,"column":0}},"3":{"start":{"line":68,"column":0},"end":{"line":73,"column":0}},"4":{"start":{"line":69,"column":0},"end":{"line":72,"column":0}},"5":{"start":{"line":70,"column":0},"end":{"line":null,"column":-1}},"6":{"start":{"line":71,"column":0},"end":{"line":null,"column":-1}},"7":{"start":{"line":78,"column":0},"end":{"line":null,"column":-1}},"8":{"start":{"line":81,"column":0},"end":{"line":null,"column":-1}},"9":{"start":{"line":85,"column":0},"end":{"line":null,"column":-1}}},"fnMap":{"0":{"name":"(anonymous_1)","decl":{"start":{"line":68,"column":0},"end":{"line":null,"column":-1}},"loc":{"start":{"line":68,"column":0},"end":{"line":73,"column":0}}}},"branchMap":{"0":{"loc":{"start":{"line":67,"column":0},"end":{"line":74,"column":0}},"type":"if","locations":[{"start":{"line":67,"column":0},"end":{"line":74,"column":0}},{"start":{"line":67,"column":0},"end":{"line":74,"column":0}}]},"1":{"loc":{"start":{"line":69,"column":0},"end":{"line":72,"column":0}},"type":"if","locations":[{"start":{"line":69,"column":0},"end":{"line":72,"column":0}},{"start":{"line":69,"column":0},"end":{"line":72,"column":0}}]},"2":{"loc":{"start":{"line":85,"column":0},"end":{"line":null,"column":-1}},"type":"binary-expr","locations":[{"start":{"line":85,"column":0},"end":{"line":null,"column":-1}},{"start":{"line":85,"column":0},"end":{"line":null,"column":-1}}]}},"s":{"0":4,"1":4,"2":4,"3":1,"4":1,"5":1,"6":1,"7":0,"8":0,"9":2},"f":{"0":1},"b":{"0":[1,3],"1":[1,0],"2":[2,1]}}
,"E:\\works\\ctrip\\framework\\vue_step\\sim-ui\\src\\components\\RpxBlock\\index.js": {"path":"E:\\works\\ctrip\\framework\\vue_step\\sim-ui\\src\\components\\RpxBlock\\index.js","statementMap":{},"fnMap":{},"branchMap":{},"s":{},"f":{},"b":{},"_coverageSchema":"332fd63041d2c1bcb487cc26dd0d5f7d97098a6c","hash":"06915bdd30d7c56274b70efe6d43ec20fa5a682e"}
,"E:\\works\\ctrip\\framework\\vue_step\\sim-ui\\src\\components\\RpxBlock\\src\\main.js": {"path":"E:\\works\\ctrip\\framework\\vue_step\\sim-ui\\src\\components\\RpxBlock\\src\\main.js","statementMap":{"0":{"start":{"line":16,"column":4},"end":{"line":22,"column":27}}},"fnMap":{"0":{"name":"(anonymous_0)","decl":{"start":{"line":14,"column":10},"end":{"line":14,"column":11}},"loc":{"start":{"line":14,"column":34},"end":{"line":23,"column":3}},"line":14}},"branchMap":{},"s":{"0":5},"f":{"0":5},"b":{},"_coverageSchema":"332fd63041d2c1bcb487cc26dd0d5f7d97098a6c","hash":"6f2a18e6e00dc09661c90ac85041fe5080f1e325"}
,"E:\\works\\ctrip\\framework\\vue_step\\sim-ui\\src\\components\\Switch\\index.js": {"path":"E:\\works\\ctrip\\framework\\vue_step\\sim-ui\\src\\components\\Switch\\index.js","statementMap":{},"fnMap":{},"branchMap":{},"s":{},"f":{},"b":{},"_coverageSchema":"332fd63041d2c1bcb487cc26dd0d5f7d97098a6c","hash":"aca46693cf56b4e448706a6df56ec4698c9e8c9a"}
,"E:\\works\\ctrip\\framework\\vue_step\\sim-ui\\src\\components\\Switch\\src\\main.vue": {"path":"E:\\works\\ctrip\\framework\\vue_step\\sim-ui\\src\\components\\Switch\\src\\main.vue","statementMap":{"0":{"start":{"line":24,"column":0},"end":{"line":null,"column":-1}}},"fnMap":{},"branchMap":{"0":{"loc":{"start":{"line":24,"column":0},"end":{"line":null,"column":-1}},"type":"binary-expr","locations":[{"start":{"line":24,"column":0},"end":{"line":null,"column":-1}},{"start":{"line":24,"column":0},"end":{"line":null,"column":-1}}]}},"s":{"0":2},"f":{},"b":{"0":[2,1]}}
}
