TN:
SF:E:\works\ctrip\framework\vue_step\sim-ui\src\components\ActionSheet\index.js
FNF:0
FNH:0
LF:0
LH:0
BRF:0
BRH:0
end_of_record
TN:
SF:E:\works\ctrip\framework\vue_step\sim-ui\src\components\ActionSheet\src\ItemList.vue
FNF:0
FNH:0
DA:15,1
LF:1
LH:1
BRF:0
BRH:0
end_of_record
TN:
SF:E:\works\ctrip\framework\vue_step\sim-ui\src\components\ActionSheet\src\main.vue
FNF:0
FNH:0
DA:26,1
DA:27,1
DA:41,4
DA:53,2
DA:54,1
DA:56,1
DA:62,1
DA:65,1
LF:8
LH:8
BRDA:53,0,0,1
BRDA:53,0,1,1
BRF:2
BRH:2
end_of_record
TN:
SF:E:\works\ctrip\framework\vue_step\sim-ui\src\components\Modal\index.js
FNF:0
FNH:0
LF:0
LH:0
BRF:0
BRH:0
end_of_record
TN:
SF:E:\works\ctrip\framework\vue_step\sim-ui\src\components\Modal\src\main.vue
FN:68,(anonymous_1)
FNF:1
FNH:1
FNDA:2,(anonymous_1)
DA:57,6
DA:61,8
DA:67,8
DA:68,4
DA:69,2
DA:70,2
DA:71,2
DA:78,1
DA:81,1
DA:85,2
LF:10
LH:10
BRDA:67,0,0,4
BRDA:67,0,1,4
BRDA:69,1,0,2
BRDA:69,1,1,0
BRDA:85,2,0,2
BRDA:85,2,1,1
BRF:6
BRH:5
end_of_record
TN:
SF:E:\works\ctrip\framework\vue_step\sim-ui\src\components\RpxBlock\index.js
FNF:0
FNH:0
LF:0
LH:0
BRF:0
BRH:0
end_of_record
TN:
SF:E:\works\ctrip\framework\vue_step\sim-ui\src\components\RpxBlock\src\main.js
FN:14,(anonymous_0)
FNF:1
FNH:1
FNDA:7,(anonymous_0)
DA:16,7
LF:1
LH:1
BRF:0
BRH:0
end_of_record
TN:
SF:E:\works\ctrip\framework\vue_step\sim-ui\src\components\Switch\index.js
FNF:0
FNH:0
LF:0
LH:0
BRF:0
BRH:0
end_of_record
TN:
SF:E:\works\ctrip\framework\vue_step\sim-ui\src\components\Switch\src\main.vue
FNF:0
FNH:0
DA:24,2
LF:1
LH:1
BRDA:24,0,0,2
BRDA:24,0,1,1
BRF:2
BRH:2
end_of_record
