TN:
SF:E:\works\ctrip\framework\vue_step\sim-ui\src\components\ActionSheet\index.js
FNF:0
FNH:0
DA:1,0
LF:1
LH:0
BRF:0
BRH:0
end_of_record
TN:
SF:E:\works\ctrip\framework\vue_step\sim-ui\src\components\ActionSheet\src\ItemList.vue
FNF:0
FNH:0
DA:15,0
LF:1
LH:0
BRF:0
BRH:0
end_of_record
TN:
SF:E:\works\ctrip\framework\vue_step\sim-ui\src\components\ActionSheet\src\main.vue
FNF:0
FNH:0
DA:26,0
DA:27,0
DA:41,0
DA:53,0
DA:54,0
DA:56,0
DA:62,0
DA:65,0
LF:8
LH:0
BRDA:53,0,0,0
BRDA:53,0,1,0
BRF:2
BRH:0
end_of_record
TN:
SF:E:\works\ctrip\framework\vue_step\sim-ui\src\components\Modal\index.js
FNF:0
FNH:0
DA:1,0
LF:1
LH:0
BRF:0
BRH:0
end_of_record
TN:
SF:E:\works\ctrip\framework\vue_step\sim-ui\src\components\Modal\src\main.vue
FN:68,(anonymous_1)
FNF:1
FNH:0
FNDA:0,(anonymous_1)
DA:57,0
DA:61,0
DA:67,0
DA:68,0
DA:69,0
DA:70,0
DA:71,0
DA:78,0
DA:81,0
DA:85,0
LF:10
LH:0
BRDA:67,0,0,0
BRDA:67,0,1,0
BRDA:69,1,0,0
BRDA:69,1,1,0
BRDA:85,2,0,0
BRDA:85,2,1,0
BRF:6
BRH:0
end_of_record
TN:
SF:E:\works\ctrip\framework\vue_step\sim-ui\src\components\RpxBlock\index.js
FNF:0
FNH:0
DA:1,0
DA:2,0
LF:2
LH:0
BRF:0
BRH:0
end_of_record
TN:
SF:E:\works\ctrip\framework\vue_step\sim-ui\src\components\RpxBlock\src\main.js
FN:14,(anonymous_0)
FNF:1
FNH:0
FNDA:0,(anonymous_0)
DA:16,0
LF:1
LH:0
BRF:0
BRH:0
end_of_record
TN:
SF:E:\works\ctrip\framework\vue_step\sim-ui\src\components\Switch\index.js
FNF:0
FNH:0
LF:0
LH:0
BRF:0
BRH:0
end_of_record
TN:
SF:E:\works\ctrip\framework\vue_step\sim-ui\src\components\Switch\src\main.vue
FNF:0
FNH:0
DA:24,2
LF:1
LH:1
BRDA:24,0,0,2
BRDA:24,0,1,1
BRF:2
BRH:2
end_of_record
